{"C:\\Users\\Darius\\Desktop\\travel-companion\\apps\\mobile\\src\\app\\onboarding.tsx": {"path":"C:\\Users\\Darius\\Desktop\\travel-companion\\apps\\mobile\\src\\app\\onboarding.tsx","statementMap":{"0":{"start":{"line":21,"column":17},"end":{"line":21,"column":28}},"1":{"start":{"line":22,"column":18},"end":{"line":22,"column":48}},"2":{"start":{"line":23,"column":42},"end":{"line":23,"column":53}},"3":{"start":{"line":24,"column":31},"end":{"line":24,"column":80}},"4":{"start":{"line":24,"column":53},"end":{"line":24,"column":79}},"5":{"start":{"line":26,"column":15},"end":{"line":26,"column":51}},"6":{"start":{"line":26,"column":29},"end":{"line":26,"column":46}},"7":{"start":{"line":28,"column":33},"end":{"line":33,"column":4}},"8":{"start":{"line":29,"column":17},"end":{"line":29,"column":40}},"9":{"start":{"line":30,"column":4},"end":{"line":32,"column":5}},"10":{"start":{"line":31,"column":6},"end":{"line":31,"column":28}},"11":{"start":{"line":35,"column":28},"end":{"line":37,"column":4}},"12":{"start":{"line":39,"column":24},"end":{"line":45,"column":3}},"13":{"start":{"line":41,"column":6},"end":{"line":41,"column":39}},"14":{"start":{"line":42,"column":6},"end":{"line":42,"column":38}},"15":{"start":{"line":47,"column":17},"end":{"line":54,"column":48}},"16":{"start":{"line":48,"column":4},"end":{"line":51,"column":5}},"17":{"start":{"line":49,"column":6},"end":{"line":49,"column":45}},"18":{"start":{"line":50,"column":6},"end":{"line":50,"column":13}},"19":{"start":{"line":53,"column":4},"end":{"line":53,"column":80}},"20":{"start":{"line":56,"column":2},"end":{"line":129,"column":4}},"21":{"start":{"line":64,"column":38},"end":{"line":64,"column":73}},"22":{"start":{"line":71,"column":14},"end":{"line":76,"column":16}},"23":{"start":{"line":88,"column":34},"end":{"line":88,"column":41}},"24":{"start":{"line":92,"column":12},"end":{"line":107,"column":19}},"25":{"start":{"line":123,"column":27},"end":{"line":123,"column":62}},"26":{"start":{"line":125,"column":56},"end":{"line":125,"column":94}}},"fnMap":{"0":{"name":"OnboardingScreen","decl":{"start":{"line":20,"column":24},"end":{"line":20,"column":40}},"loc":{"start":{"line":20,"column":43},"end":{"line":130,"column":1}},"line":20},"1":{"name":"(anonymous_1)","decl":{"start":{"line":24,"column":42},"end":{"line":24,"column":43}},"loc":{"start":{"line":24,"column":53},"end":{"line":24,"column":79}},"line":24},"2":{"name":"(anonymous_2)","decl":{"start":{"line":26,"column":23},"end":{"line":26,"column":24}},"loc":{"start":{"line":26,"column":29},"end":{"line":26,"column":46}},"line":26},"3":{"name":"(anonymous_3)","decl":{"start":{"line":28,"column":40},"end":{"line":28,"column":41}},"loc":{"start":{"line":28,"column":95},"end":{"line":33,"column":3}},"line":28},"4":{"name":"(anonymous_4)","decl":{"start":{"line":40,"column":4},"end":{"line":40,"column":5}},"loc":{"start":{"line":40,"column":60},"end":{"line":43,"column":5}},"line":40},"5":{"name":"(anonymous_5)","decl":{"start":{"line":47,"column":29},"end":{"line":47,"column":30}},"loc":{"start":{"line":47,"column":35},"end":{"line":54,"column":3}},"line":47},"6":{"name":"(anonymous_6)","decl":{"start":{"line":64,"column":32},"end":{"line":64,"column":33}},"loc":{"start":{"line":64,"column":38},"end":{"line":64,"column":73}},"line":64},"7":{"name":"(anonymous_7)","decl":{"start":{"line":70,"column":22},"end":{"line":70,"column":23}},"loc":{"start":{"line":71,"column":14},"end":{"line":76,"column":16}},"line":71},"8":{"name":"(anonymous_8)","decl":{"start":{"line":88,"column":24},"end":{"line":88,"column":25}},"loc":{"start":{"line":88,"column":34},"end":{"line":88,"column":41}},"line":88},"9":{"name":"(anonymous_9)","decl":{"start":{"line":91,"column":22},"end":{"line":91,"column":23}},"loc":{"start":{"line":92,"column":12},"end":{"line":107,"column":19}},"line":92},"10":{"name":"(anonymous_10)","decl":{"start":{"line":123,"column":21},"end":{"line":123,"column":22}},"loc":{"start":{"line":123,"column":27},"end":{"line":123,"column":62}},"line":123},"11":{"name":"(anonymous_11)","decl":{"start":{"line":125,"column":50},"end":{"line":125,"column":51}},"loc":{"start":{"line":125,"column":56},"end":{"line":125,"column":94}},"line":125}},"branchMap":{"0":{"loc":{"start":{"line":30,"column":4},"end":{"line":32,"column":5}},"type":"if","locations":[{"start":{"line":30,"column":4},"end":{"line":32,"column":5}},{"start":{},"end":{}}],"line":30},"1":{"loc":{"start":{"line":48,"column":4},"end":{"line":51,"column":5}},"type":"if","locations":[{"start":{"line":48,"column":4},"end":{"line":51,"column":5}},{"start":{},"end":{}}],"line":48},"2":{"loc":{"start":{"line":74,"column":18},"end":{"line":74,"column":67}},"type":"cond-expr","locations":[{"start":{"line":74,"column":42},"end":{"line":74,"column":54}},{"start":{"line":74,"column":57},"end":{"line":74,"column":67}}],"line":74},"3":{"loc":{"start":{"line":114,"column":32},"end":{"line":114,"column":89}},"type":"cond-expr","locations":[{"start":{"line":114,"column":67},"end":{"line":114,"column":80}},{"start":{"line":114,"column":83},"end":{"line":114,"column":89}}],"line":114}},"s":{"0":2,"1":2,"2":2,"3":2,"4":2,"5":2,"6":2,"7":2,"8":0,"9":0,"10":0,"11":2,"12":2,"13":1,"14":1,"15":2,"16":0,"17":0,"18":0,"19":0,"20":2,"21":1,"22":10,"23":12,"24":10,"25":0,"26":0},"f":{"0":2,"1":2,"2":2,"3":0,"4":1,"5":0,"6":1,"7":10,"8":12,"9":10,"10":0,"11":0},"b":{"0":[0,0],"1":[0,0],"2":[2,8],"3":[0,2]},"_coverageSchema":"1a1c01bbd47fc00a2c39e90264f33305004495a9","hash":"c4ad3115ac4b87d93a3ecffc6a6d4b5c3807ad85"}
,"C:\\Users\\Darius\\Desktop\\travel-companion\\apps\\mobile\\src\\components\\shared\\BottomTabBar.tsx": {"path":"C:\\Users\\Darius\\Desktop\\travel-companion\\apps\\mobile\\src\\components\\shared\\BottomTabBar.tsx","statementMap":{"0":{"start":{"line":12,"column":44},"end":{"line":18,"column":1}},"1":{"start":{"line":31,"column":16},"end":{"line":31,"column":51}},"2":{"start":{"line":32,"column":15},"end":{"line":32,"column":17}},"3":{"start":{"line":34,"column":2},"end":{"line":47,"column":3}},"4":{"start":{"line":36,"column":6},"end":{"line":36,"column":48}},"5":{"start":{"line":38,"column":6},"end":{"line":38,"column":51}},"6":{"start":{"line":40,"column":6},"end":{"line":40,"column":51}},"7":{"start":{"line":42,"column":6},"end":{"line":42,"column":56}},"8":{"start":{"line":44,"column":6},"end":{"line":44,"column":47}},"9":{"start":{"line":46,"column":6},"end":{"line":46,"column":48}},"10":{"start":{"line":51,"column":17},"end":{"line":51,"column":36}},"11":{"start":{"line":52,"column":18},"end":{"line":52,"column":56}},"12":{"start":{"line":53,"column":18},"end":{"line":53,"column":65}},"13":{"start":{"line":54,"column":23},"end":{"line":54,"column":62}},"14":{"start":{"line":55,"column":21},"end":{"line":55,"column":60}},"15":{"start":{"line":57,"column":2},"end":{"line":117,"column":4}},"16":{"start":{"line":61,"column":25},"end":{"line":61,"column":47}},"17":{"start":{"line":62,"column":10},"end":{"line":64,"column":11}},"18":{"start":{"line":63,"column":12},"end":{"line":63,"column":24}},"19":{"start":{"line":66,"column":28},"end":{"line":66,"column":49}},"20":{"start":{"line":67,"column":26},"end":{"line":77,"column":11}},"21":{"start":{"line":68,"column":26},"end":{"line":72,"column":14}},"22":{"start":{"line":74,"column":12},"end":{"line":76,"column":13}},"23":{"start":{"line":75,"column":14},"end":{"line":75,"column":60}},"24":{"start":{"line":79,"column":30},"end":{"line":84,"column":11}},"25":{"start":{"line":80,"column":12},"end":{"line":83,"column":15}},"26":{"start":{"line":86,"column":10},"end":{"line":113,"column":12}}},"fnMap":{"0":{"name":"TabIcon","decl":{"start":{"line":20,"column":9},"end":{"line":20,"column":16}},"loc":{"start":{"line":30,"column":3},"end":{"line":48,"column":1}},"line":30},"1":{"name":"BottomTabBar","decl":{"start":{"line":50,"column":16},"end":{"line":50,"column":28}},"loc":{"start":{"line":50,"column":84},"end":{"line":118,"column":1}},"line":50},"2":{"name":"(anonymous_2)","decl":{"start":{"line":60,"column":26},"end":{"line":60,"column":27}},"loc":{"start":{"line":60,"column":44},"end":{"line":114,"column":9}},"line":60},"3":{"name":"(anonymous_3)","decl":{"start":{"line":67,"column":26},"end":{"line":67,"column":27}},"loc":{"start":{"line":67,"column":32},"end":{"line":77,"column":11}},"line":67},"4":{"name":"(anonymous_4)","decl":{"start":{"line":79,"column":30},"end":{"line":79,"column":31}},"loc":{"start":{"line":79,"column":36},"end":{"line":84,"column":11}},"line":79}},"branchMap":{"0":{"loc":{"start":{"line":31,"column":16},"end":{"line":31,"column":51}},"type":"cond-expr","locations":[{"start":{"line":31,"column":26},"end":{"line":31,"column":38}},{"start":{"line":31,"column":41},"end":{"line":31,"column":51}}],"line":31},"1":{"loc":{"start":{"line":34,"column":2},"end":{"line":47,"column":3}},"type":"switch","locations":[{"start":{"line":35,"column":4},"end":{"line":36,"column":48}},{"start":{"line":37,"column":4},"end":{"line":38,"column":51}},{"start":{"line":39,"column":4},"end":{"line":40,"column":51}},{"start":{"line":41,"column":4},"end":{"line":42,"column":56}},{"start":{"line":43,"column":4},"end":{"line":44,"column":47}},{"start":{"line":45,"column":4},"end":{"line":46,"column":48}}],"line":34},"2":{"loc":{"start":{"line":54,"column":23},"end":{"line":54,"column":62}},"type":"cond-expr","locations":[{"start":{"line":54,"column":33},"end":{"line":54,"column":50}},{"start":{"line":54,"column":53},"end":{"line":54,"column":62}}],"line":54},"3":{"loc":{"start":{"line":55,"column":21},"end":{"line":55,"column":60}},"type":"cond-expr","locations":[{"start":{"line":55,"column":31},"end":{"line":55,"column":48}},{"start":{"line":55,"column":51},"end":{"line":55,"column":60}}],"line":55},"4":{"loc":{"start":{"line":62,"column":10},"end":{"line":64,"column":11}},"type":"if","locations":[{"start":{"line":62,"column":10},"end":{"line":64,"column":11}},{"start":{},"end":{}}],"line":62},"5":{"loc":{"start":{"line":74,"column":12},"end":{"line":76,"column":13}},"type":"if","locations":[{"start":{"line":74,"column":12},"end":{"line":76,"column":13}},{"start":{},"end":{}}],"line":74},"6":{"loc":{"start":{"line":74,"column":16},"end":{"line":74,"column":53}},"type":"binary-expr","locations":[{"start":{"line":74,"column":16},"end":{"line":74,"column":26}},{"start":{"line":74,"column":30},"end":{"line":74,"column":53}}],"line":74},"7":{"loc":{"start":{"line":89,"column":34},"end":{"line":89,"column":69}},"type":"cond-expr","locations":[{"start":{"line":89,"column":46},"end":{"line":89,"column":64}},{"start":{"line":89,"column":67},"end":{"line":89,"column":69}}],"line":89},"8":{"loc":{"start":{"line":107,"column":25},"end":{"line":107,"column":62}},"type":"cond-expr","locations":[{"start":{"line":107,"column":37},"end":{"line":107,"column":49}},{"start":{"line":107,"column":52},"end":{"line":107,"column":62}}],"line":107}},"s":{"0":1,"1":10,"2":10,"3":10,"4":2,"5":2,"6":2,"7":2,"8":2,"9":0,"10":2,"11":2,"12":2,"13":2,"14":2,"15":2,"16":10,"17":10,"18":0,"19":10,"20":10,"21":1,"22":1,"23":1,"24":10,"25":0,"26":10},"f":{"0":10,"1":2,"2":10,"3":1,"4":0},"b":{"0":[2,8],"1":[2,2,2,2,2,0],"2":[2,0],"3":[2,0],"4":[0,10],"5":[1,0],"6":[1,1],"7":[2,8],"8":[2,8]},"_coverageSchema":"1a1c01bbd47fc00a2c39e90264f33305004495a9","hash":"c6ff6d36504cd1f37ba8be26165568e496d9b625"}
,"C:\\Users\\Darius\\Desktop\\travel-companion\\apps\\mobile\\src\\lib\\monitoring.ts": {"path":"C:\\Users\\Darius\\Desktop\\travel-companion\\apps\\mobile\\src\\lib\\monitoring.ts","statementMap":{"0":{"start":{"line":3,"column":18},"end":{"line":3,"column":23}},"1":{"start":{"line":6,"column":2},"end":{"line":10,"column":3}},"2":{"start":{"line":7,"column":4},"end":{"line":9,"column":6}},"3":{"start":{"line":12,"column":2},"end":{"line":14,"column":3}},"4":{"start":{"line":13,"column":4},"end":{"line":13,"column":47}},"5":{"start":{"line":16,"column":2},"end":{"line":16,"column":15}},"6":{"start":{"line":20,"column":2},"end":{"line":20,"column":26}},"7":{"start":{"line":20,"column":19},"end":{"line":20,"column":26}},"8":{"start":{"line":22,"column":2},"end":{"line":27,"column":5}},"9":{"start":{"line":29,"column":2},"end":{"line":29,"column":21}},"10":{"start":{"line":33,"column":2},"end":{"line":33,"column":49}},"11":{"start":{"line":37,"column":2},"end":{"line":37,"column":41}},"12":{"start":{"line":41,"column":2},"end":{"line":41,"column":33}}},"fnMap":{"0":{"name":"sanitizeEvent","decl":{"start":{"line":5,"column":9},"end":{"line":5,"column":22}},"loc":{"start":{"line":5,"column":65},"end":{"line":17,"column":1}},"line":5},"1":{"name":"initMonitoring","decl":{"start":{"line":19,"column":16},"end":{"line":19,"column":30}},"loc":{"start":{"line":19,"column":33},"end":{"line":30,"column":1}},"line":19},"2":{"name":"setMonitoringUser","decl":{"start":{"line":32,"column":16},"end":{"line":32,"column":33}},"loc":{"start":{"line":32,"column":58},"end":{"line":34,"column":1}},"line":32},"3":{"name":"setMonitoringScreen","decl":{"start":{"line":36,"column":16},"end":{"line":36,"column":35}},"loc":{"start":{"line":36,"column":54},"end":{"line":38,"column":1}},"line":36},"4":{"name":"captureMonitoringError","decl":{"start":{"line":40,"column":16},"end":{"line":40,"column":38}},"loc":{"start":{"line":40,"column":55},"end":{"line":42,"column":1}},"line":40}},"branchMap":{"0":{"loc":{"start":{"line":6,"column":2},"end":{"line":10,"column":3}},"type":"if","locations":[{"start":{"line":6,"column":2},"end":{"line":10,"column":3}},{"start":{},"end":{}}],"line":6},"1":{"loc":{"start":{"line":12,"column":2},"end":{"line":14,"column":3}},"type":"if","locations":[{"start":{"line":12,"column":2},"end":{"line":14,"column":3}},{"start":{},"end":{}}],"line":12},"2":{"loc":{"start":{"line":20,"column":2},"end":{"line":20,"column":26}},"type":"if","locations":[{"start":{"line":20,"column":2},"end":{"line":20,"column":26}},{"start":{},"end":{}}],"line":20},"3":{"loc":{"start":{"line":33,"column":17},"end":{"line":33,"column":47}},"type":"cond-expr","locations":[{"start":{"line":33,"column":26},"end":{"line":33,"column":40}},{"start":{"line":33,"column":43},"end":{"line":33,"column":47}}],"line":33}},"s":{"0":2,"1":1,"2":1,"3":1,"4":1,"5":1,"6":2,"7":1,"8":1,"9":1,"10":2,"11":1,"12":1},"f":{"0":1,"1":2,"2":2,"3":1,"4":1},"b":{"0":[1,0],"1":[1,0],"2":[1,1],"3":[1,1]},"_coverageSchema":"1a1c01bbd47fc00a2c39e90264f33305004495a9","hash":"ccea041d37c1d9581265cd21ba26ea5033b375da"}
,"C:\\Users\\Darius\\Desktop\\travel-companion\\apps\\mobile\\src\\lib\\utils.ts": {"path":"C:\\Users\\Darius\\Desktop\\travel-companion\\apps\\mobile\\src\\lib\\utils.ts","statementMap":{"0":{"start":{"line":5,"column":2},"end":{"line":5,"column":31}},"1":{"start":{"line":10,"column":2},"end":{"line":10,"column":56}},"2":{"start":{"line":10,"column":29},"end":{"line":10,"column":56}},"3":{"start":{"line":11,"column":2},"end":{"line":11,"column":15}},"4":{"start":{"line":16,"column":2},"end":{"line":16,"column":36}},"5":{"start":{"line":20,"column":2},"end":{"line":24,"column":5}},"6":{"start":{"line":28,"column":43},"end":{"line":28,"column":77}},"7":{"start":{"line":29,"column":2},"end":{"line":29,"column":117}},"8":{"start":{"line":33,"column":14},"end":{"line":33,"column":24}},"9":{"start":{"line":34,"column":2},"end":{"line":34,"column":27}},"10":{"start":{"line":35,"column":17},"end":{"line":35,"column":31}},"11":{"start":{"line":36,"column":2},"end":{"line":36,"column":30}},"12":{"start":{"line":37,"column":2},"end":{"line":37,"column":79}}},"fnMap":{"0":{"name":"cn","decl":{"start":{"line":4,"column":16},"end":{"line":4,"column":18}},"loc":{"start":{"line":4,"column":44},"end":{"line":6,"column":1}},"line":4},"1":{"name":"toISO","decl":{"start":{"line":9,"column":16},"end":{"line":9,"column":21}},"loc":{"start":{"line":9,"column":52},"end":{"line":12,"column":1}},"line":9},"2":{"name":"toDateOnly","decl":{"start":{"line":15,"column":16},"end":{"line":15,"column":26}},"loc":{"start":{"line":15,"column":57},"end":{"line":17,"column":1}},"line":15},"3":{"name":"formatDate","decl":{"start":{"line":19,"column":16},"end":{"line":19,"column":26}},"loc":{"start":{"line":19,"column":57},"end":{"line":25,"column":1}},"line":19},"4":{"name":"formatDateRange","decl":{"start":{"line":27,"column":16},"end":{"line":27,"column":31}},"loc":{"start":{"line":27,"column":82},"end":{"line":30,"column":1}},"line":27},"5":{"name":"daysUntil","decl":{"start":{"line":32,"column":16},"end":{"line":32,"column":25}},"loc":{"start":{"line":32,"column":55},"end":{"line":38,"column":1}},"line":32}},"branchMap":{"0":{"loc":{"start":{"line":10,"column":2},"end":{"line":10,"column":56}},"type":"if","locations":[{"start":{"line":10,"column":2},"end":{"line":10,"column":56}},{"start":{},"end":{}}],"line":10}},"s":{"0":36,"1":3,"2":1,"3":2,"4":1,"5":0,"6":1,"7":1,"8":1,"9":1,"10":1,"11":1,"12":1},"f":{"0":36,"1":3,"2":1,"3":0,"4":1,"5":1},"b":{"0":[1,2]},"_coverageSchema":"1a1c01bbd47fc00a2c39e90264f33305004495a9","hash":"1e1e7a1d302149a241892298ff98714f6b6bf95b"}
}
