TN:
SF:src\app\onboarding.tsx
FN:20,OnboardingScreen
FN:24,(anonymous_1)
FN:26,(anonymous_2)
FN:28,(anonymous_3)
FN:40,(anonymous_4)
FN:47,(anonymous_5)
FN:64,(anonymous_6)
FN:70,(anonymous_7)
FN:88,(anonymous_8)
FN:91,(anonymous_9)
FN:123,(anonymous_10)
FN:125,(anonymous_11)
FNF:12
FNH:8
FNDA:2,OnboardingScreen
FNDA:2,(anonymous_1)
FNDA:2,(anonymous_2)
FNDA:0,(anonymous_3)
FNDA:1,(anonymous_4)
FNDA:0,(anonymous_5)
FNDA:1,(anonymous_6)
FNDA:10,(anonymous_7)
FNDA:12,(anonymous_8)
FNDA:10,(anonymous_9)
FNDA:0,(anonymous_10)
FNDA:0,(anonymous_11)
DA:21,2
DA:22,2
DA:23,2
DA:24,2
DA:26,2
DA:28,2
DA:29,0
DA:30,0
DA:31,0
DA:35,2
DA:39,2
DA:41,1
DA:42,1
DA:47,2
DA:48,0
DA:49,0
DA:50,0
DA:53,0
DA:56,2
DA:64,1
DA:71,10
DA:88,12
DA:92,10
DA:123,0
DA:125,0
LF:25
LH:16
BRDA:30,0,0,0
BRDA:30,0,1,0
BRDA:48,1,0,0
BRDA:48,1,1,0
BRDA:74,2,0,2
BRDA:74,2,1,8
BRDA:114,3,0,0
BRDA:114,3,1,2
BRF:8
BRH:3
end_of_record
TN:
SF:src\components\shared\BottomTabBar.tsx
FN:20,TabIcon
FN:50,BottomTabBar
FN:60,(anonymous_2)
FN:67,(anonymous_3)
FN:79,(anonymous_4)
FNF:5
FNH:4
FNDA:10,TabIcon
FNDA:2,BottomTabBar
FNDA:10,(anonymous_2)
FNDA:1,(anonymous_3)
FNDA:0,(anonymous_4)
DA:12,1
DA:31,10
DA:32,10
DA:34,10
DA:36,2
DA:38,2
DA:40,2
DA:42,2
DA:44,2
DA:46,0
DA:51,2
DA:52,2
DA:53,2
DA:54,2
DA:55,2
DA:57,2
DA:61,10
DA:62,10
DA:63,0
DA:66,10
DA:67,10
DA:68,1
DA:74,1
DA:75,1
DA:79,10
DA:80,0
DA:86,10
LF:27
LH:24
BRDA:31,0,0,2
BRDA:31,0,1,8
BRDA:34,1,0,2
BRDA:34,1,1,2
BRDA:34,1,2,2
BRDA:34,1,3,2
BRDA:34,1,4,2
BRDA:34,1,5,0
BRDA:54,2,0,2
BRDA:54,2,1,0
BRDA:55,3,0,2
BRDA:55,3,1,0
BRDA:62,4,0,0
BRDA:62,4,1,10
BRDA:74,5,0,1
BRDA:74,5,1,0
BRDA:74,6,0,1
BRDA:74,6,1,1
BRDA:89,7,0,2
BRDA:89,7,1,8
BRDA:107,8,0,2
BRDA:107,8,1,8
BRF:22
BRH:17
end_of_record
TN:
SF:src\lib\monitoring.ts
FN:5,sanitizeEvent
FN:19,initMonitoring
FN:32,setMonitoringUser
FN:36,setMonitoringScreen
FN:40,captureMonitoringError
FNF:5
FNH:5
FNDA:1,sanitizeEvent
FNDA:2,initMonitoring
FNDA:2,setMonitoringUser
FNDA:1,setMonitoringScreen
FNDA:1,captureMonitoringError
DA:3,2
DA:6,1
DA:7,1
DA:12,1
DA:13,1
DA:16,1
DA:20,2
DA:22,1
DA:29,1
DA:33,2
DA:37,1
DA:41,1
LF:12
LH:12
BRDA:6,0,0,1
BRDA:6,0,1,0
BRDA:12,1,0,1
BRDA:12,1,1,0
BRDA:20,2,0,1
BRDA:20,2,1,1
BRDA:33,3,0,1
BRDA:33,3,1,1
BRF:8
BRH:6
end_of_record
TN:
SF:src\lib\utils.ts
FN:4,cn
FN:9,toISO
FN:15,toDateOnly
FN:19,formatDate
FN:27,formatDateRange
FN:32,daysUntil
FNF:6
FNH:5
FNDA:36,cn
FNDA:3,toISO
FNDA:1,toDateOnly
FNDA:0,formatDate
FNDA:1,formatDateRange
FNDA:1,daysUntil
DA:5,36
DA:10,3
DA:11,2
DA:16,1
DA:20,0
DA:28,1
DA:29,1
DA:33,1
DA:34,1
DA:35,1
DA:36,1
DA:37,1
LF:12
LH:11
BRDA:10,0,0,1
BRDA:10,0,1,2
BRF:2
BRH:2
end_of_record
