TN:
SF:src\middleware\errorHandler.ts
FNF:2
FNH:0
DA:6,0
DA:7,0
DA:8,0
DA:9,0
DA:10,0
DA:11,0
DA:12,19
DA:14,2
DA:16,143
DA:17,0
DA:18,0
DA:19,0
DA:20,0
DA:21,0
DA:22,0
DA:23,0
DA:24,0
DA:25,0
DA:26,0
DA:27,0
DA:28,0
DA:29,0
DA:30,0
DA:31,0
DA:32,0
DA:33,0
DA:34,0
DA:35,0
DA:36,0
DA:37,0
DA:38,0
DA:39,0
DA:40,0
DA:41,0
DA:42,0
DA:43,0
DA:44,0
DA:45,0
DA:46,0
DA:47,0
DA:48,0
DA:49,0
DA:50,0
DA:51,0
DA:52,0
DA:53,0
DA:54,0
DA:55,0
DA:56,0
DA:57,0
DA:58,0
DA:59,0
DA:60,0
DA:61,0
DA:62,0
DA:63,0
DA:64,0
DA:65,0
DA:66,0
DA:67,0
DA:68,0
DA:69,0
DA:70,0
DA:71,0
DA:72,0
DA:73,0
DA:74,0
DA:75,0
DA:76,0
DA:77,0
DA:78,0
DA:79,0
DA:80,0
DA:81,0
DA:82,0
DA:83,0
DA:84,0
DA:85,0
DA:86,0
DA:87,0
DA:88,0
DA:89,0
DA:90,0
DA:91,0
DA:92,0
DA:93,0
DA:94,0
DA:95,0
DA:96,0
DA:97,0
DA:98,0
DA:99,0
DA:100,0
DA:101,0
DA:102,3
DA:104,5
LF:96
LH:5
end_of_record
TN:
SF:src\modules\language\service.test.ts
FNF:12
FNH:12
DA:1,82
DA:2,34
DA:4,37
DA:5,66
DA:6,68
DA:8,54
DA:10,86
DA:11,35
DA:12,33
DA:13,38
DA:15,23
DA:16,23
DA:18,12
DA:19,12
DA:20,51
DA:21,41
DA:22,24
DA:23,22
DA:24,19
DA:25,20
DA:26,24
DA:27,21
DA:28,2
DA:31,16
DA:32,51
DA:33,39
DA:34,22
DA:35,5
DA:36,52
DA:37,39
DA:38,22
DA:39,5
DA:41,32
DA:42,34
DA:43,38
DA:44,38
DA:45,3
DA:47,16
DA:48,35
DA:49,38
DA:50,48
DA:51,7
DA:52,27
DA:53,2
DA:55,37
DA:56,40
DA:57,50
DA:58,7
DA:59,29
DA:60,1
DA:61,3
DA:63,15
DA:64,40
DA:65,43
DA:66,53
DA:67,7
DA:68,32
DA:69,2
DA:70,28
DA:71,3
DA:73,35
DA:74,92
DA:75,53
DA:76,15
DA:77,34
DA:78,79
DA:79,37
DA:80,8
DA:81,24
DA:82,7
DA:83,40
DA:85,49
DA:86,15
DA:87,43
DA:88,32
DA:89,28
DA:90,42
DA:91,48
DA:92,23
DA:93,8
DA:94,64
DA:95,7
DA:96,36
DA:98,59
DA:99,13
DA:100,3
DA:101,18
DA:102,6
DA:104,33
DA:105,43
DA:106,50
DA:107,67
DA:108,4
DA:110,94
DA:111,53
DA:112,15
DA:113,32
DA:114,80
DA:115,35
DA:116,8
DA:117,24
DA:118,7
DA:119,40
DA:121,55
DA:122,15
DA:123,42
DA:124,32
DA:125,28
DA:126,49
DA:127,46
DA:128,23
DA:129,8
DA:130,24
DA:131,7
DA:132,42
DA:134,65
DA:135,15
DA:136,43
DA:137,32
DA:138,28
DA:139,48
DA:140,45
DA:141,23
DA:142,8
DA:143,24
DA:144,7
DA:145,52
DA:147,59
DA:148,13
DA:149,3
DA:150,18
DA:151,6
DA:153,33
DA:154,43
DA:155,55
DA:156,3
DA:157,2
LF:137
LH:137
end_of_record
TN:
SF:src\modules\language\service.ts
FNF:3
FNH:2
DA:1,34
DA:2,57
DA:4,21
DA:6,29
DA:7,11
DA:8,13
DA:9,16
DA:10,17
DA:11,2
DA:13,27
DA:14,11
DA:15,17
DA:16,21
DA:17,22
DA:18,18
DA:19,20
DA:20,17
DA:21,18
DA:22,2
DA:24,0
DA:25,0
DA:26,0
DA:27,0
DA:28,0
DA:29,2
DA:32,1
DA:33,12
DA:34,6
DA:35,14
DA:36,5
DA:37,57
DA:38,32
DA:39,24
DA:40,7
DA:42,14
DA:43,0
DA:44,4
DA:46,25
DA:47,65
DA:48,37
DA:49,26
DA:50,9
DA:51,17
DA:52,0
DA:53,4
DA:54,4
DA:56,39
DA:58,25
DA:59,71
DA:60,45
DA:61,26
DA:62,9
DA:66,37
DA:67,48
DA:68,4
DA:69,4
DA:71,63
DA:72,47
DA:74,50
DA:75,32
DA:76,27
DA:77,33
DA:78,88
DA:79,13
DA:80,21
DA:81,9
DA:82,47
DA:83,7
DA:85,65
DA:86,45
DA:88,14
DA:89,14
DA:90,24
DA:91,26
DA:92,12
DA:93,17
DA:94,11
DA:95,3
DA:97,1
LF:79
LH:72
end_of_record
TN:
SF:src\observability\index.ts
FNF:28
FNH:2
DA:1,43
DA:2,20
DA:3,86
DA:10,75
DA:11,88
DA:12,73
DA:13,79
DA:14,76
DA:15,66
DA:16,50
DA:17,66
DA:18,75
DA:19,41
DA:30,70
DA:31,55
DA:32,33
DA:33,62
DA:34,69
DA:36,74
DA:37,49
DA:38,3
DA:40,54
DA:41,28
DA:42,3
DA:43,55
DA:44,11
DA:46,3
DA:48,77
DA:49,65
DA:50,3
DA:52,55
DA:53,35
DA:54,3
DA:55,39
DA:57,3
DA:59,75
DA:60,48
DA:61,3
DA:63,79
DA:64,43
DA:65,10
DA:66,3
DA:68,54
DA:69,26
DA:70,3
DA:71,42
DA:72,11
DA:74,3
DA:76,52
DA:77,32
DA:78,3
DA:79,44
DA:80,11
DA:82,3
DA:84,31
DA:85,30
DA:86,24
DA:87,25
DA:88,2
DA:90,0
DA:92,3
DA:94,0
DA:96,3
DA:98,0
DA:100,3
DA:102,37
DA:103,64
DA:104,3
DA:106,40
DA:107,64
DA:108,3
DA:110,59
DA:111,42
DA:112,1
DA:114,43
DA:115,15
DA:116,28
DA:117,38
DA:118,50
DA:119,33
DA:120,36
DA:121,5
DA:122,23
DA:123,35
DA:124,46
DA:125,20
DA:126,5
DA:127,4
DA:128,4
DA:129,42
DA:130,27
DA:131,40
DA:132,5
DA:133,20
DA:134,41
DA:135,42
DA:136,31
DA:137,45
DA:138,9
DA:139,62
DA:140,57
DA:141,4
DA:142,4
DA:143,26
DA:144,28
DA:145,27
DA:146,29
DA:147,40
DA:148,2
DA:149,3
DA:150,2
DA:151,1
DA:152,1
DA:154,19
DA:155,22
DA:156,1
DA:158,32
DA:159,24
DA:160,27
DA:161,28
DA:162,32
DA:163,2
DA:165,48
DA:166,22
DA:167,2
DA:168,0
DA:169,0
DA:170,0
DA:171,0
DA:172,0
DA:173,0
DA:174,0
DA:175,0
DA:176,0
DA:177,0
DA:178,0
DA:179,0
DA:180,0
DA:181,0
DA:182,0
DA:183,0
DA:184,0
DA:185,0
DA:186,0
DA:187,0
DA:188,0
DA:189,0
DA:190,0
DA:191,0
DA:192,0
DA:193,0
DA:194,0
DA:195,0
DA:196,0
DA:197,0
DA:198,0
DA:199,0
DA:200,0
DA:201,0
DA:202,0
DA:203,0
DA:204,0
DA:205,0
DA:206,0
DA:207,0
DA:208,0
DA:209,0
DA:210,0
DA:211,0
DA:212,0
DA:213,0
DA:215,2
DA:216,0
DA:217,0
DA:218,0
DA:219,0
DA:220,0
DA:221,0
DA:222,0
DA:223,0
DA:224,0
DA:225,0
DA:226,0
DA:227,0
DA:228,0
DA:229,0
DA:230,0
DA:231,0
DA:233,2
DA:234,0
DA:235,0
DA:236,0
DA:237,0
DA:238,0
DA:239,0
DA:240,0
DA:241,0
DA:242,0
DA:243,0
DA:244,0
DA:245,0
DA:246,0
DA:247,0
DA:248,0
DA:249,0
DA:250,0
DA:251,0
DA:252,0
DA:253,0
DA:254,0
DA:255,0
DA:256,0
DA:257,0
DA:258,0
DA:259,0
DA:260,0
DA:261,0
DA:262,0
DA:263,0
DA:264,0
DA:265,0
DA:266,0
DA:267,0
DA:268,0
DA:269,0
DA:270,0
DA:271,0
DA:272,0
DA:273,0
DA:274,0
DA:275,0
DA:276,0
DA:277,0
DA:278,0
DA:279,0
DA:280,0
DA:281,0
DA:282,0
DA:283,0
DA:284,0
DA:286,3
DA:288,27
DA:290,0
DA:291,1
DA:294,0
DA:295,0
DA:296,0
DA:297,0
DA:298,0
DA:299,0
DA:300,0
DA:301,0
DA:302,0
DA:303,0
DA:304,0
DA:305,0
DA:306,1
DA:309,0
DA:310,0
DA:311,0
DA:312,0
DA:313,0
DA:314,1
DA:317,0
DA:318,1
DA:321,0
DA:322,1
DA:325,0
DA:326,1
DA:329,0
DA:330,1
DA:333,0
DA:334,0
DA:335,0
DA:336,0
DA:337,0
DA:338,0
DA:339,0
DA:340,0
DA:341,0
DA:342,0
DA:343,0
DA:344,0
DA:345,0
DA:346,0
DA:347,0
DA:348,0
DA:349,0
DA:350,0
DA:351,0
DA:352,1
DA:355,0
DA:356,0
DA:357,0
DA:358,0
DA:359,0
DA:360,0
DA:361,0
DA:362,0
DA:363,0
DA:364,0
DA:365,0
DA:366,0
DA:367,0
DA:368,0
DA:369,0
DA:370,0
DA:371,0
DA:372,0
DA:373,0
DA:374,0
DA:375,0
DA:376,0
DA:377,0
DA:378,0
DA:379,0
DA:380,0
DA:381,0
DA:382,0
DA:383,0
DA:384,0
DA:385,0
DA:386,0
DA:387,0
DA:388,0
DA:389,0
DA:390,0
DA:391,0
DA:392,0
DA:393,0
DA:394,0
DA:395,0
DA:396,0
DA:397,0
DA:398,0
DA:399,0
DA:400,0
DA:401,0
DA:402,0
DA:403,0
DA:404,0
DA:405,0
DA:406,0
DA:407,0
DA:408,0
DA:409,0
DA:410,0
DA:411,0
DA:412,0
DA:413,0
DA:414,0
DA:415,0
DA:416,0
DA:417,0
DA:418,0
DA:419,0
DA:420,0
DA:421,0
DA:422,0
DA:423,0
DA:424,0
DA:428,0
DA:429,0
DA:430,0
DA:431,0
DA:432,0
DA:433,0
DA:434,0
DA:435,0
DA:436,0
DA:437,0
DA:438,0
DA:439,0
DA:440,0
DA:441,0
DA:442,0
DA:443,0
DA:444,0
DA:445,0
DA:446,0
DA:447,0
DA:448,0
DA:449,0
DA:450,0
DA:451,0
DA:452,0
DA:453,0
DA:454,0
DA:455,0
DA:456,0
DA:457,0
DA:458,0
DA:459,0
DA:460,0
DA:461,0
DA:462,0
DA:463,0
DA:464,0
DA:468,0
DA:472,0
DA:473,0
DA:474,0
DA:475,0
DA:476,0
DA:477,0
DA:478,0
DA:479,0
DA:480,0
DA:481,0
DA:482,0
DA:483,0
DA:484,0
DA:485,0
DA:486,0
DA:487,0
DA:488,0
DA:489,0
DA:490,0
DA:491,0
DA:492,0
DA:493,0
DA:494,0
DA:495,0
DA:496,0
DA:497,0
DA:498,0
DA:499,0
DA:500,0
DA:501,0
DA:502,0
DA:503,0
DA:504,0
DA:505,0
DA:509,0
DA:510,0
DA:511,0
DA:512,0
DA:513,0
DA:514,0
DA:515,0
DA:516,0
DA:517,0
DA:518,0
DA:519,0
DA:520,0
DA:521,0
DA:522,0
DA:523,0
DA:524,0
DA:525,0
DA:526,0
DA:527,0
DA:528,0
DA:529,0
DA:530,0
DA:531,0
DA:535,0
DA:536,0
DA:537,0
DA:538,0
DA:539,0
DA:540,0
DA:541,0
DA:542,0
DA:543,0
DA:544,0
DA:545,0
DA:546,0
DA:547,0
DA:548,0
DA:549,0
DA:550,0
DA:551,0
DA:552,0
DA:553,0
DA:554,0
DA:555,0
DA:556,0
DA:557,0
DA:558,0
DA:559,0
DA:560,0
DA:561,0
DA:562,0
DA:563,0
DA:564,0
DA:568,6
DA:569,12
DA:570,58
DA:571,1
DA:574,0
DA:575,0
DA:576,0
DA:577,0
DA:578,0
DA:579,0
DA:580,0
DA:581,0
DA:582,0
DA:583,0
DA:584,0
DA:588,0
DA:592,0
DA:593,0
DA:594,0
DA:595,0
DA:596,0
DA:597,0
DA:598,0
DA:599,0
DA:600,0
DA:601,0
DA:602,0
DA:603,0
DA:604,0
DA:605,0
DA:606,0
DA:607,0
DA:608,0
DA:609,0
DA:610,0
DA:611,0
DA:612,0
DA:613,0
DA:614,0
DA:615,0
DA:616,0
DA:617,0
DA:618,0
DA:619,0
DA:620,0
DA:621,0
DA:622,0
DA:623,0
DA:624,0
DA:625,0
DA:626,0
DA:627,0
DA:628,0
DA:629,0
DA:630,0
DA:631,0
DA:635,0
DA:636,0
DA:637,0
DA:638,0
DA:639,0
DA:640,0
DA:641,0
DA:642,0
DA:643,0
DA:644,0
DA:645,0
DA:646,0
DA:647,0
DA:648,0
DA:649,0
DA:650,0
DA:651,0
DA:655,0
DA:656,0
DA:657,0
DA:658,0
DA:659,0
DA:660,0
DA:661,0
DA:662,0
DA:663,0
DA:667,15
DA:668,37
DA:669,2
DA:670,42
DA:673,0
DA:674,0
DA:675,0
DA:676,0
DA:677,0
DA:678,0
DA:679,0
DA:680,0
DA:681,0
DA:682,0
LF:582
LH:142
end_of_record
