TN:
SF:src\middleware\errorHandler.ts
FNF:2
FNH:0
DA:6,0
DA:7,0
DA:8,0
DA:9,0
DA:10,0
DA:11,0
DA:12,19
DA:14,2
DA:16,143
DA:17,0
DA:18,0
DA:19,0
DA:20,0
DA:21,0
DA:22,0
DA:23,0
DA:24,0
DA:25,0
DA:26,0
DA:27,0
DA:28,0
DA:29,0
DA:30,0
DA:31,0
DA:32,0
DA:33,0
DA:34,0
DA:35,0
DA:36,0
DA:37,0
DA:38,0
DA:39,0
DA:40,0
DA:41,0
DA:42,0
DA:43,0
DA:44,0
DA:45,0
DA:46,0
DA:47,0
DA:48,0
DA:49,0
DA:50,0
DA:51,0
DA:52,0
DA:53,0
DA:54,0
DA:55,0
DA:56,0
DA:57,0
DA:58,0
DA:59,0
DA:60,0
DA:61,0
DA:62,0
DA:63,0
DA:64,0
DA:65,0
DA:66,0
DA:67,0
DA:68,0
DA:69,0
DA:70,0
DA:71,0
DA:72,0
DA:73,0
DA:74,0
DA:75,0
DA:76,0
DA:77,0
DA:78,0
DA:79,0
DA:80,0
DA:81,0
DA:82,0
DA:83,0
DA:84,0
DA:85,0
DA:86,0
DA:87,0
DA:88,0
DA:89,0
DA:90,0
DA:91,0
DA:92,0
DA:93,0
DA:94,0
DA:95,0
DA:96,0
DA:97,0
DA:98,0
DA:99,0
DA:100,0
DA:101,0
DA:102,3
DA:104,5
LF:96
LH:5
end_of_record
TN:
SF:src\modules\auth\service.test.ts
FNF:12
FNH:12
DA:1,71
DA:2,34
DA:5,37
DA:6,66
DA:7,68
DA:9,50
DA:11,82
DA:12,30
DA:14,12
DA:15,12
DA:16,43
DA:17,35
DA:18,29
DA:19,29
DA:20,2
DA:23,16
DA:24,39
DA:26,0
DA:27,0
DA:28,0
DA:29,0
DA:30,0
DA:32,0
DA:33,3
DA:35,15
DA:36,28
DA:37,3
DA:39,31
DA:40,75
DA:41,46
DA:42,42
DA:43,13
DA:44,16
DA:45,12
DA:46,14
DA:47,6
DA:49,39
DA:51,48
DA:52,54
DA:53,58
DA:54,58
DA:55,4
DA:57,66
DA:58,46
DA:59,46
DA:60,13
DA:61,16
DA:62,12
DA:63,14
DA:64,6
DA:65,43
DA:67,74
DA:69,54
DA:70,60
DA:71,60
DA:72,4
DA:74,62
DA:75,56
DA:76,46
DA:77,13
DA:78,16
DA:79,12
DA:80,14
DA:81,6
DA:82,43
DA:84,95
DA:85,22
DA:86,24
DA:87,6
DA:88,3
DA:89,2
LF:71
LH:65
end_of_record
TN:
SF:src\modules\auth\service.test.ts
FNF:12
FNH:12
DA:1,71
DA:2,34
DA:5,37
DA:6,66
DA:7,68
DA:9,50
DA:11,82
DA:12,30
DA:14,12
DA:15,12
DA:16,43
DA:17,35
DA:18,29
DA:19,29
DA:20,2
DA:23,16
DA:24,35
DA:26,34
DA:27,14
DA:28,35
DA:29,3
DA:30,5
DA:32,24
DA:33,3
DA:35,15
DA:36,28
DA:37,3
DA:39,31
DA:40,75
DA:41,46
DA:42,42
DA:43,13
DA:44,16
DA:45,12
DA:46,14
DA:47,6
DA:49,39
DA:51,48
DA:52,54
DA:53,58
DA:54,58
DA:55,4
DA:57,66
DA:58,46
DA:59,46
DA:60,13
DA:61,16
DA:62,12
DA:63,14
DA:64,6
DA:65,43
DA:67,74
DA:69,54
DA:70,60
DA:71,60
DA:72,4
DA:74,62
DA:75,56
DA:76,46
DA:77,13
DA:78,16
DA:79,12
DA:80,14
DA:81,6
DA:82,43
DA:84,95
DA:85,22
DA:86,24
DA:87,6
DA:88,3
DA:89,2
LF:71
LH:71
end_of_record
TN:
SF:src\modules\auth\service.ts
FNF:11
FNH:6
DA:1,34
DA:2,30
DA:3,51
DA:4,62
DA:5,59
DA:6,44
DA:7,57
DA:9,70
DA:10,72
DA:12,34
DA:13,34
DA:15,38
DA:16,84
DA:18,0
DA:19,0
DA:20,0
DA:21,0
DA:22,0
DA:26,0
DA:27,0
DA:28,0
DA:29,0
DA:30,0
DA:34,0
DA:35,0
DA:36,0
DA:37,0
DA:38,0
DA:39,0
DA:40,0
DA:44,0
DA:45,0
DA:46,0
DA:47,0
DA:48,0
DA:49,0
DA:50,0
DA:51,0
DA:52,0
DA:53,0
DA:54,0
DA:55,0
DA:56,0
DA:57,0
DA:58,0
DA:59,0
DA:60,1
DA:63,28
DA:64,1
DA:65,7
DA:66,10
DA:67,6
DA:68,9
DA:69,5
DA:70,77
DA:71,18
DA:72,0
DA:73,0
DA:75,0
DA:76,0
DA:77,0
DA:78,0
DA:79,0
DA:80,0
DA:82,0
DA:84,0
DA:85,0
DA:86,0
DA:87,0
DA:88,0
DA:89,0
DA:90,0
DA:91,0
DA:92,0
DA:93,0
DA:94,0
DA:95,0
DA:97,0
DA:98,0
DA:100,0
DA:101,0
DA:102,0
DA:103,0
DA:104,0
DA:105,0
DA:106,0
DA:107,0
DA:108,0
DA:109,0
DA:110,0
DA:111,0
DA:112,0
DA:113,0
DA:114,0
DA:115,0
DA:116,0
DA:117,0
DA:118,0
DA:119,0
DA:120,0
DA:121,0
DA:122,0
DA:123,0
DA:124,0
DA:125,0
DA:126,0
DA:127,0
DA:128,0
DA:129,0
DA:130,0
DA:131,0
DA:132,0
DA:133,0
DA:134,0
DA:135,0
DA:136,0
DA:137,0
DA:138,0
DA:139,0
DA:140,0
DA:141,0
DA:142,0
DA:143,0
DA:144,0
DA:145,0
DA:146,0
DA:147,0
DA:148,0
DA:149,0
DA:150,0
DA:151,0
DA:152,0
DA:153,0
DA:154,0
DA:155,0
DA:156,0
DA:157,0
DA:158,0
DA:159,0
DA:160,0
DA:161,0
DA:162,0
DA:163,0
DA:164,0
DA:165,0
DA:166,0
DA:167,0
DA:168,0
DA:169,0
DA:170,0
DA:171,0
DA:172,0
DA:173,0
DA:174,0
DA:175,0
DA:176,0
DA:177,0
DA:178,0
DA:179,0
DA:180,0
DA:181,0
DA:182,0
DA:183,0
DA:184,0
DA:185,0
DA:186,0
DA:187,0
DA:188,0
DA:189,0
DA:190,0
DA:191,0
DA:192,0
DA:193,0
DA:194,0
DA:195,0
DA:196,0
DA:197,0
DA:198,0
DA:199,0
DA:200,0
DA:201,0
DA:202,0
DA:203,0
DA:204,0
DA:205,0
DA:206,0
DA:207,0
DA:208,0
DA:209,0
DA:210,0
DA:211,0
DA:212,0
DA:213,0
DA:214,0
DA:215,0
DA:216,0
DA:217,0
DA:218,0
DA:219,0
DA:220,0
DA:221,0
DA:222,0
DA:223,0
DA:224,0
DA:225,0
DA:226,0
DA:227,0
DA:228,0
DA:229,0
DA:230,0
DA:231,0
DA:232,0
DA:233,0
DA:234,0
DA:235,0
DA:236,0
DA:237,0
DA:238,0
DA:239,0
DA:240,0
DA:241,0
DA:242,0
DA:243,0
DA:244,0
DA:245,0
DA:246,0
DA:247,0
DA:248,0
DA:249,0
DA:250,0
DA:251,0
DA:252,0
DA:253,0
DA:254,0
DA:255,0
DA:256,0
DA:257,0
DA:258,0
DA:259,0
DA:260,0
DA:261,0
DA:262,0
DA:263,0
DA:264,0
DA:265,0
DA:266,0
DA:267,0
DA:268,0
DA:269,0
DA:270,0
DA:271,0
DA:272,0
DA:273,0
DA:274,0
DA:275,0
DA:276,0
DA:277,0
DA:278,0
DA:279,0
DA:280,0
DA:281,0
DA:282,0
DA:283,0
DA:284,0
DA:285,0
DA:286,0
DA:287,0
DA:288,0
DA:289,0
DA:290,0
DA:291,0
DA:292,0
DA:293,0
DA:294,0
DA:295,0
DA:296,0
DA:297,0
DA:298,0
DA:299,0
DA:300,0
DA:301,0
DA:302,0
DA:303,0
DA:304,0
DA:305,0
DA:306,0
DA:307,0
DA:308,0
DA:309,0
DA:310,0
DA:311,0
DA:312,0
DA:313,0
DA:314,0
DA:315,0
DA:316,0
DA:317,0
DA:318,0
DA:319,0
DA:320,0
DA:321,0
DA:322,0
DA:323,0
DA:324,0
DA:325,0
DA:326,0
DA:327,0
DA:328,0
DA:329,0
DA:330,0
DA:331,0
DA:332,0
DA:333,0
DA:334,0
DA:335,0
DA:336,0
DA:337,0
DA:338,0
DA:339,0
DA:340,0
DA:341,0
DA:342,0
DA:343,0
DA:344,0
DA:345,0
DA:346,0
DA:347,0
DA:348,0
DA:349,0
DA:350,0
DA:351,0
DA:352,0
DA:353,0
DA:354,0
DA:355,0
DA:356,0
DA:357,0
DA:358,0
DA:359,2
DA:362,22
DA:363,49
DA:364,23
DA:365,17
DA:366,17
DA:367,20
DA:368,19
DA:369,23
DA:370,24
DA:371,18
DA:372,26
DA:373,27
DA:374,20
DA:375,5
DA:376,7
DA:378,32
DA:379,0
DA:380,4
DA:382,19
DA:383,0
DA:384,4
DA:386,68
DA:387,18
DA:388,68
DA:389,4
DA:391,59
DA:392,61
DA:394,64
DA:395,0
DA:396,0
DA:397,0
DA:398,0
DA:399,0
DA:400,0
DA:401,0
DA:402,0
DA:403,0
DA:404,0
DA:405,0
DA:406,0
DA:407,0
DA:408,0
DA:409,0
DA:410,0
DA:411,0
DA:412,0
DA:413,0
DA:414,0
DA:415,0
DA:416,0
DA:417,0
DA:418,1
DA:421,1
LF:394
LH:84
end_of_record
TN:
SF:src\modules\itinerary\service.test.ts
FNF:19
FNH:19
DA:1,71
DA:2,34
DA:4,37
DA:5,66
DA:6,68
DA:8,55
DA:9,56
DA:10,56
DA:12,82
DA:13,31
DA:14,31
DA:16,15
DA:17,14
DA:19,5
DA:20,40
DA:21,23
DA:22,16
DA:23,20
DA:24,15
DA:25,4
DA:26,35
DA:27,28
DA:29,76
DA:30,15
DA:32,55
DA:33,27
DA:34,33
DA:35,42
DA:36,37
DA:37,5
DA:38,30
DA:39,23
DA:42,16
DA:43,41
DA:44,63
DA:45,2
DA:46,34
DA:47,44
DA:48,5
DA:49,25
DA:51,34
DA:52,44
DA:53,5
DA:54,24
DA:55,3
DA:57,15
DA:58,28
DA:59,3
DA:61,36
DA:62,39
DA:63,18
DA:65,74
DA:66,28
DA:67,36
DA:68,7
DA:70,44
DA:71,41
DA:73,76
DA:74,33
DA:75,47
DA:76,4
DA:78,46
DA:79,18
DA:81,74
DA:82,24
DA:83,36
DA:84,7
DA:86,74
DA:87,23
DA:88,16
DA:89,7
DA:91,42
DA:92,37
DA:93,4
DA:95,40
DA:96,18
DA:98,74
DA:99,25
DA:100,36
DA:101,7
DA:103,55
DA:105,76
DA:106,32
DA:107,4
DA:109,66
DA:110,18
DA:112,75
DA:113,21
DA:114,36
DA:115,7
DA:116,75
DA:117,22
DA:118,36
DA:119,7
DA:121,32
DA:122,31
DA:123,4
DA:125,44
DA:126,18
DA:128,75
DA:129,17
DA:130,36
DA:131,7
DA:132,75
DA:133,17
DA:134,36
DA:135,7
DA:137,62
DA:138,33
DA:139,30
DA:140,7
DA:142,76
DA:143,47
DA:144,47
DA:145,28
DA:146,27
DA:147,3
DA:148,2
LF:118
LH:118
end_of_record
TN:
SF:src\modules\itinerary\service.ts
FNF:15
FNH:15
DA:1,34
DA:2,57
DA:3,63
DA:5,7
DA:16,3
DA:17,50
DA:20,21
DA:21,11
DA:22,15
DA:23,16
DA:24,14
DA:25,14
DA:26,13
DA:27,18
DA:28,16
DA:29,14
DA:30,13
DA:31,1
DA:33,19
DA:34,47
DA:35,26
DA:36,27
DA:37,5
DA:39,37
DA:40,0
DA:41,2
DA:44,33
DA:45,21
DA:46,42
DA:48,57
DA:49,24
DA:50,25
DA:51,48
DA:52,7
DA:54,31
DA:57,1
DA:58,8
DA:59,8
DA:60,5
DA:68,5
DA:69,42
DA:71,61
DA:72,51
DA:73,25
DA:74,7
DA:75,54
DA:77,54
DA:78,15
DA:79,15
DA:80,26
DA:81,34
DA:82,38
DA:83,42
DA:84,38
DA:85,34
DA:86,22
DA:87,8
DA:88,22
DA:89,7
DA:91,26
DA:94,1
DA:95,8
DA:96,8
DA:97,5
DA:106,5
DA:107,58
DA:108,28
DA:109,28
DA:110,7
DA:112,10
DA:113,0
DA:114,4
DA:116,47
DA:118,57
DA:119,28
DA:120,18
DA:121,61
DA:122,68
DA:123,67
DA:124,73
DA:125,67
DA:126,61
DA:127,58
DA:128,8
DA:129,22
DA:130,7
DA:132,29
DA:135,21
DA:136,58
DA:137,28
DA:138,28
DA:139,7
DA:141,10
DA:142,0
DA:143,4
DA:145,47
DA:146,66
DA:149,1
DA:150,8
DA:151,8
DA:152,6
DA:153,5
DA:154,42
DA:156,37
DA:157,60
DA:158,41
DA:159,24
DA:160,7
DA:162,35
DA:163,0
DA:164,0
DA:165,0
DA:166,0
DA:167,0
DA:168,0
DA:169,4
DA:171,26
DA:172,19
DA:173,35
DA:174,29
DA:175,15
DA:176,29
DA:177,48
DA:178,5
DA:179,1
DA:180,1
DA:181,6
DA:183,21
DA:185,1
LF:129
LH:120
end_of_record
TN:
SF:src\modules\trip\service.test.ts
FNF:18
FNH:18
DA:1,71
DA:2,34
DA:4,37
DA:5,66
DA:6,68
DA:8,50
DA:9,56
DA:11,82
DA:12,31
DA:13,31
DA:15,15
DA:16,21
DA:18,5
DA:19,42
DA:20,23
DA:21,16
DA:22,15
DA:23,15
DA:24,4
DA:25,37
DA:26,29
DA:29,5
DA:30,76
DA:31,15
DA:32,30
DA:35,16
DA:36,33
DA:37,45
DA:38,50
DA:39,7
DA:40,36
DA:41,46
DA:42,7
DA:43,25
DA:44,2
DA:46,33
DA:47,36
DA:48,46
DA:49,7
DA:50,25
DA:51,1
DA:52,3
DA:54,15
DA:55,28
DA:56,0
DA:57,0
DA:58,0
DA:59,2
DA:60,28
DA:61,3
DA:63,31
DA:64,41
DA:65,22
DA:66,27
DA:68,57
DA:69,39
DA:70,25
DA:71,44
DA:72,39
DA:73,7
DA:75,32
DA:77,41
DA:78,56
DA:80,53
DA:81,56
DA:82,4
DA:84,50
DA:85,22
DA:86,27
DA:88,57
DA:89,39
DA:90,28
DA:91,44
DA:92,39
DA:93,7
DA:94,32
DA:96,67
DA:97,46
DA:98,4
DA:100,47
DA:101,22
DA:102,27
DA:104,57
DA:105,39
DA:106,25
DA:107,44
DA:108,39
DA:109,7
DA:110,32
DA:112,69
DA:113,22
DA:114,7
DA:115,43
DA:116,4
DA:138,66
DA:139,22
DA:140,27
DA:142,13
DA:143,38
DA:144,39
DA:145,25
DA:146,44
DA:147,39
DA:148,2
DA:149,48
DA:150,3
DA:151,2
LF:107
LH:104
end_of_record
TN:
SF:src\modules\trip\service.ts
FNF:10
FNH:9
DA:1,34
DA:2,57
DA:4,21
DA:5,11
DA:6,14
DA:7,18
DA:8,16
DA:9,22
DA:10,18
DA:11,18
DA:12,53
DA:13,2
DA:14,1
DA:16,7
DA:24,3
DA:25,15
DA:26,9
DA:27,44
DA:28,40
DA:29,41
DA:30,2
DA:33,28
DA:34,22
DA:35,48
DA:36,16
DA:37,24
DA:38,27
DA:39,24
DA:40,2
DA:41,7
DA:42,8
DA:43,25
DA:44,34
DA:45,7
DA:47,31
DA:50,21
DA:51,49
DA:52,28
DA:53,44
DA:54,7
DA:56,37
DA:57,0
DA:58,4
DA:60,41
DA:61,26
DA:64,1
DA:65,8
DA:66,5
DA:72,5
DA:73,61
DA:74,19
DA:75,5
DA:76,20
DA:77,30
DA:78,1
DA:79,4
DA:81,63
DA:82,37
DA:83,7
DA:84,17
DA:85,0
DA:86,4
DA:88,45
DA:89,15
DA:90,24
DA:91,42
DA:92,26
DA:93,44
DA:94,37
DA:95,8
DA:96,22
DA:97,7
DA:99,26
DA:102,1
DA:103,8
DA:104,8
DA:105,5
DA:111,5
DA:112,53
DA:113,28
DA:114,61
DA:115,7
DA:117,45
DA:118,0
DA:119,4
DA:121,34
DA:122,2
DA:123,22
DA:124,52
DA:126,24
DA:127,0
DA:128,0
DA:129,0
DA:130,0
DA:131,0
DA:132,4
DA:134,45
DA:135,28
DA:136,18
DA:137,61
DA:138,57
DA:139,53
DA:140,47
DA:141,41
DA:142,7
DA:143,8
DA:144,22
DA:145,7
DA:147,0
DA:148,0
DA:149,0
DA:150,0
DA:151,0
DA:152,0
DA:153,0
DA:154,0
DA:155,0
DA:156,0
DA:157,0
DA:158,0
DA:159,0
DA:160,1
DA:162,1
LF:123
LH:102
end_of_record
TN:
SF:src\modules\itinerary\service.test.ts
FNF:19
FNH:17
DA:1,71
DA:2,34
DA:4,37
DA:5,66
DA:6,68
DA:8,55
DA:9,56
DA:10,56
DA:12,82
DA:13,31
DA:14,31
DA:16,15
DA:17,14
DA:19,5
DA:20,40
DA:21,23
DA:22,16
DA:23,20
DA:24,15
DA:25,4
DA:26,35
DA:27,28
DA:29,76
DA:30,13
DA:32,0
DA:33,0
DA:34,0
DA:35,0
DA:36,0
DA:37,0
DA:38,0
DA:39,1
DA:42,16
DA:43,36
DA:44,0
DA:45,2
DA:46,34
DA:47,44
DA:48,5
DA:49,25
DA:51,34
DA:52,44
DA:53,5
DA:54,24
DA:55,3
DA:57,15
DA:58,28
DA:59,3
DA:61,36
DA:62,39
DA:63,18
DA:65,74
DA:66,28
DA:67,36
DA:68,7
DA:70,44
DA:71,41
DA:73,76
DA:74,33
DA:75,47
DA:76,4
DA:78,46
DA:79,18
DA:81,74
DA:82,24
DA:83,36
DA:84,7
DA:86,74
DA:87,23
DA:88,16
DA:89,7
DA:91,42
DA:92,37
DA:93,4
DA:95,40
DA:96,18
DA:98,74
DA:99,25
DA:100,36
DA:101,7
DA:103,55
DA:105,76
DA:106,32
DA:107,4
DA:109,66
DA:110,18
DA:112,75
DA:113,21
DA:114,36
DA:115,7
DA:116,75
DA:117,22
DA:118,36
DA:119,7
DA:121,32
DA:122,31
DA:123,4
DA:125,44
DA:126,18
DA:128,75
DA:129,17
DA:130,36
DA:131,7
DA:132,75
DA:133,17
DA:134,36
DA:135,7
DA:137,62
DA:138,33
DA:139,30
DA:140,7
DA:142,76
DA:143,26
DA:144,26
DA:145,28
DA:146,27
DA:147,3
DA:148,2
LF:118
LH:110
end_of_record
TN:
SF:src\modules\itinerary\service.ts
FNF:7
FNH:0
DA:1,34
DA:2,56
DA:4,0
DA:5,0
DA:6,0
DA:7,0
DA:8,0
DA:9,0
DA:10,0
DA:11,0
DA:12,0
DA:13,0
DA:14,0
DA:15,0
DA:16,1
DA:19,21
DA:20,11
DA:21,15
DA:22,16
DA:23,14
DA:24,14
DA:25,13
DA:26,18
DA:27,16
DA:28,14
DA:29,13
DA:30,1
DA:32,0
DA:33,0
DA:34,0
DA:35,0
DA:36,0
DA:37,0
DA:38,0
DA:39,0
DA:40,1
DA:43,0
DA:44,0
DA:45,0
DA:46,0
DA:47,0
DA:48,0
DA:49,0
DA:50,0
DA:51,0
DA:52,0
DA:53,0
DA:54,0
DA:55,0
DA:56,0
DA:57,0
DA:58,0
DA:59,0
DA:60,0
DA:61,0
DA:62,0
DA:63,0
DA:64,0
DA:65,0
DA:66,0
DA:67,0
DA:68,0
DA:69,0
DA:70,0
DA:71,0
DA:72,0
DA:73,0
DA:74,0
DA:75,0
DA:76,0
DA:77,0
DA:78,0
DA:79,0
DA:80,0
DA:81,0
DA:82,0
DA:83,0
DA:84,0
DA:85,0
DA:86,0
DA:87,0
DA:88,0
DA:89,0
DA:90,0
DA:91,0
DA:92,0
DA:93,0
DA:94,0
DA:95,0
DA:96,0
DA:97,0
DA:98,0
DA:99,0
DA:100,0
DA:101,0
DA:102,0
DA:103,0
DA:104,0
DA:105,0
DA:106,0
DA:107,0
DA:108,0
DA:109,0
DA:110,0
DA:111,0
DA:112,0
DA:113,0
DA:114,0
DA:115,0
DA:116,0
DA:117,0
DA:118,0
DA:119,0
DA:120,0
DA:121,0
DA:122,0
DA:123,0
DA:124,0
DA:125,0
DA:126,0
DA:127,0
DA:128,0
DA:129,0
DA:130,0
DA:131,0
DA:132,0
DA:133,0
DA:134,0
DA:135,0
DA:136,0
DA:137,0
DA:138,0
DA:139,0
DA:140,0
DA:141,0
DA:142,0
DA:143,0
DA:144,0
DA:145,0
DA:146,0
DA:147,0
DA:148,0
DA:149,0
DA:150,0
DA:151,0
DA:152,0
DA:153,0
DA:154,0
DA:155,0
DA:156,0
DA:157,0
DA:158,0
DA:159,0
DA:160,0
DA:161,0
DA:162,0
DA:163,0
DA:164,0
DA:165,0
DA:166,0
DA:167,0
DA:168,0
DA:169,0
DA:170,0
DA:171,0
DA:172,0
DA:173,0
DA:174,0
DA:175,0
DA:176,0
DA:177,0
DA:178,0
DA:179,0
DA:180,0
DA:181,1
DA:183,1
LF:176
LH:18
end_of_record
TN:
SF:src\modules\trip\service.test.ts
FNF:17
FNH:15
DA:1,71
DA:2,34
DA:4,37
DA:5,66
DA:6,68
DA:8,50
DA:9,56
DA:11,82
DA:12,31
DA:13,31
DA:15,15
DA:16,21
DA:18,5
DA:19,42
DA:20,23
DA:21,16
DA:22,15
DA:23,15
DA:24,4
DA:25,37
DA:26,29
DA:29,0
DA:30,0
DA:31,0
DA:32,1
DA:35,16
DA:36,28
DA:37,0
DA:38,0
DA:39,0
DA:40,0
DA:41,0
DA:42,0
DA:43,0
DA:44,2
DA:46,28
DA:47,0
DA:48,0
DA:49,0
DA:50,0
DA:51,1
DA:52,3
DA:54,15
DA:55,28
DA:56,0
DA:57,0
DA:58,0
DA:59,2
DA:60,28
DA:61,3
DA:63,31
DA:64,41
DA:65,22
DA:66,27
DA:68,57
DA:69,39
DA:70,25
DA:71,44
DA:72,39
DA:73,7
DA:75,32
DA:77,41
DA:78,56
DA:80,53
DA:81,34
DA:82,4
DA:84,50
DA:85,22
DA:86,27
DA:88,57
DA:89,39
DA:90,28
DA:91,44
DA:92,39
DA:93,7
DA:94,32
DA:96,67
DA:97,46
DA:98,4
DA:100,47
DA:101,22
DA:102,27
DA:104,57
DA:105,39
DA:106,25
DA:107,44
DA:108,39
DA:109,7
DA:110,32
DA:112,69
DA:113,22
DA:114,7
DA:115,43
DA:116,4
DA:138,66
DA:139,22
DA:140,27
DA:142,13
DA:143,38
DA:144,39
DA:145,25
DA:146,44
DA:147,39
DA:148,2
DA:149,48
DA:150,3
DA:151,2
LF:107
LH:90
end_of_record
TN:
SF:src\modules\trip\service.ts
FNF:6
FNH:0
DA:1,34
DA:2,57
DA:4,21
DA:5,11
DA:6,14
DA:7,20
DA:8,18
DA:9,16
DA:10,15
DA:11,21
DA:12,22
DA:13,18
DA:14,18
DA:15,53
DA:16,2
DA:17,1
DA:19,0
DA:20,0
DA:21,0
DA:22,0
DA:23,0
DA:24,0
DA:25,0
DA:26,0
DA:27,0
DA:28,0
DA:29,0
DA:30,0
DA:31,0
DA:32,0
DA:33,0
DA:34,0
DA:35,0
DA:36,1
DA:39,0
DA:40,0
DA:41,0
DA:42,0
DA:43,0
DA:44,0
DA:45,0
DA:46,0
DA:47,0
DA:48,0
DA:49,0
DA:50,0
DA:51,0
DA:52,0
DA:53,0
DA:54,0
DA:55,0
DA:56,0
DA:57,0
DA:58,0
DA:59,0
DA:60,0
DA:61,0
DA:62,0
DA:63,0
DA:64,0
DA:65,0
DA:66,0
DA:67,0
DA:68,0
DA:69,0
DA:70,0
DA:71,0
DA:72,0
DA:73,0
DA:74,0
DA:75,0
DA:76,0
DA:77,0
DA:78,0
DA:79,0
DA:80,0
DA:81,0
DA:82,0
DA:83,0
DA:84,0
DA:85,0
DA:86,0
DA:87,0
DA:88,0
DA:89,0
DA:90,0
DA:91,0
DA:92,0
DA:93,0
DA:94,0
DA:95,0
DA:96,0
DA:97,0
DA:98,0
DA:99,0
DA:100,0
DA:101,0
DA:102,0
DA:103,0
DA:104,0
DA:105,0
DA:106,0
DA:107,0
DA:108,0
DA:109,0
DA:110,0
DA:111,0
DA:112,0
DA:113,0
DA:114,0
DA:115,0
DA:116,0
DA:117,0
DA:118,0
DA:119,0
DA:120,0
DA:121,0
DA:122,0
DA:123,0
DA:124,0
DA:125,0
DA:126,0
DA:127,0
DA:128,0
DA:129,0
DA:130,0
DA:131,0
DA:132,0
DA:133,0
DA:134,0
DA:135,0
DA:136,0
DA:137,0
DA:138,0
DA:139,0
DA:140,0
DA:141,0
DA:142,0
DA:143,0
DA:144,0
DA:145,0
DA:146,0
DA:147,0
DA:148,0
DA:149,0
DA:150,0
DA:151,0
DA:152,0
DA:153,0
DA:154,0
DA:155,0
DA:156,0
DA:157,0
DA:158,0
DA:159,0
DA:160,0
DA:161,0
DA:162,0
DA:163,0
DA:164,0
DA:165,0
DA:166,0
DA:167,0
DA:168,0
DA:169,0
DA:170,0
DA:171,0
DA:172,0
DA:173,0
DA:174,0
DA:175,0
DA:176,0
DA:177,0
DA:178,0
DA:179,0
DA:180,1
DA:182,1
LF:177
LH:19
end_of_record
TN:
SF:src\modules\user\service.test.ts
FNF:15
FNH:15
DA:1,71
DA:2,34
DA:4,37
DA:5,66
DA:6,68
DA:8,50
DA:9,56
DA:11,82
DA:12,31
DA:14,16
DA:15,28
DA:16,0
DA:17,0
DA:18,0
DA:19,0
DA:20,1
DA:21,3
DA:23,15
DA:24,28
DA:25,3
DA:27,31
DA:28,45
DA:29,42
DA:30,27
DA:31,16
DA:32,16
DA:33,14
DA:34,6
DA:35,39
DA:37,65
DA:38,58
DA:39,46
DA:40,40
DA:41,38
DA:42,43
DA:43,4
DA:45,57
DA:46,42
DA:47,27
DA:48,16
DA:49,12
DA:50,14
DA:51,6
DA:52,39
DA:54,71
DA:55,23
DA:56,32
DA:57,7
DA:59,42
DA:60,53
DA:61,4
DA:63,58
DA:64,38
DA:65,28
DA:66,16
DA:67,12
DA:68,15
DA:69,6
DA:70,35
DA:72,38
DA:73,28
DA:74,16
DA:75,12
DA:76,15
DA:77,6
DA:78,35
DA:80,13
DA:81,68
DA:82,66
DA:83,4
DA:85,57
DA:86,13
DA:87,62
DA:88,48
DA:89,4
DA:91,88
DA:92,42
DA:93,27
DA:94,16
DA:95,10
DA:96,14
DA:97,6
DA:98,42
DA:99,27
DA:100,16
DA:101,10
DA:102,14
DA:103,6
DA:104,39
DA:105,39
DA:107,92
DA:108,41
DA:109,49
DA:110,37
DA:111,3
DA:112,2
LF:96
LH:92
end_of_record
TN:
SF:src\modules\user\service.ts
FNF:7
FNH:2
DA:1,34
DA:2,26
DA:3,57
DA:4,58
DA:5,104
DA:7,38
DA:9,0
DA:10,0
DA:11,0
DA:12,0
DA:13,0
DA:14,0
DA:15,1
DA:18,28
DA:19,13
DA:20,49
DA:21,28
DA:22,17
DA:23,17
DA:24,20
DA:25,19
DA:26,23
DA:27,34
DA:28,18
DA:29,26
DA:30,19
DA:31,21
DA:32,47
DA:33,9
DA:34,7
DA:35,5
DA:36,7
DA:38,10
DA:39,0
DA:40,0
DA:42,0
DA:44,0
DA:45,0
DA:46,0
DA:47,0
DA:48,0
DA:49,0
DA:50,0
DA:51,0
DA:52,0
DA:53,0
DA:54,0
DA:55,0
DA:56,0
DA:57,0
DA:58,0
DA:59,0
DA:60,0
DA:61,0
DA:62,0
DA:63,0
DA:64,0
DA:65,0
DA:66,0
DA:67,0
DA:68,0
DA:69,0
DA:70,0
DA:71,0
DA:72,0
DA:73,0
DA:74,0
DA:75,0
DA:76,0
DA:77,0
DA:78,0
DA:79,0
DA:80,0
DA:81,0
DA:82,0
DA:83,0
DA:84,0
DA:85,0
DA:86,0
DA:87,0
DA:88,0
DA:89,0
DA:90,0
DA:91,0
DA:92,0
DA:93,0
DA:94,0
DA:95,0
DA:96,0
DA:97,0
DA:98,0
DA:99,0
DA:100,0
DA:101,0
DA:102,0
DA:103,0
DA:104,0
DA:105,0
DA:106,0
DA:107,0
DA:108,0
DA:109,0
DA:110,0
DA:111,0
DA:112,0
DA:113,0
DA:114,0
DA:115,0
DA:116,0
DA:117,0
DA:118,0
DA:119,0
DA:120,0
DA:121,0
DA:122,0
DA:123,0
DA:124,0
DA:125,0
DA:126,0
DA:127,0
DA:128,0
DA:129,0
DA:130,0
DA:131,0
DA:132,0
DA:133,0
DA:134,0
DA:135,0
DA:136,0
DA:137,0
DA:138,0
DA:139,0
DA:140,0
DA:141,0
DA:142,0
DA:143,0
DA:144,0
DA:145,0
DA:146,0
DA:147,0
DA:148,0
DA:149,0
DA:150,0
DA:151,0
DA:152,0
DA:153,0
DA:154,0
DA:155,0
DA:156,0
DA:157,0
DA:158,0
DA:159,0
DA:160,0
DA:161,0
DA:162,0
DA:163,0
DA:164,0
DA:165,0
DA:166,0
DA:167,0
DA:168,0
DA:169,0
DA:170,0
DA:171,0
DA:172,0
DA:173,0
DA:174,0
DA:175,0
DA:176,0
DA:177,0
DA:178,0
DA:179,0
DA:180,0
DA:181,0
DA:182,0
DA:183,0
DA:184,0
DA:185,0
DA:186,0
DA:187,0
DA:188,0
DA:189,0
DA:190,0
DA:191,0
DA:192,0
DA:193,0
DA:194,0
DA:195,0
DA:196,0
DA:197,0
DA:198,0
DA:199,0
DA:200,0
DA:201,0
DA:202,0
DA:203,0
DA:204,0
DA:205,0
DA:206,0
DA:207,0
DA:208,0
DA:209,0
DA:210,0
DA:211,1
DA:213,1
LF:205
LH:29
end_of_record
TN:
SF:src\observability\index.ts
FNF:28
FNH:0
DA:1,43
DA:2,20
DA:3,86
DA:10,75
DA:11,88
DA:12,73
DA:13,79
DA:14,76
DA:15,66
DA:16,50
DA:17,66
DA:18,75
DA:19,41
DA:30,70
DA:31,55
DA:32,33
DA:33,62
DA:34,69
DA:36,74
DA:37,49
DA:38,3
DA:40,54
DA:41,28
DA:42,3
DA:43,55
DA:44,11
DA:46,3
DA:48,77
DA:49,65
DA:50,3
DA:52,55
DA:53,35
DA:54,3
DA:55,39
DA:57,3
DA:59,75
DA:60,48
DA:61,3
DA:63,79
DA:64,43
DA:65,10
DA:66,3
DA:68,54
DA:69,26
DA:70,3
DA:71,42
DA:72,11
DA:74,3
DA:76,52
DA:77,32
DA:78,3
DA:79,44
DA:80,11
DA:82,3
DA:84,31
DA:85,30
DA:86,24
DA:87,25
DA:88,2
DA:90,0
DA:92,3
DA:94,0
DA:96,3
DA:98,0
DA:100,3
DA:102,37
DA:103,64
DA:104,3
DA:106,40
DA:107,64
DA:108,3
DA:110,59
DA:111,2
DA:112,5
DA:114,43
DA:115,0
DA:116,0
DA:117,0
DA:118,0
DA:119,0
DA:120,0
DA:121,0
DA:122,0
DA:123,0
DA:124,0
DA:125,0
DA:126,0
DA:127,0
DA:128,0
DA:129,0
DA:130,0
DA:131,0
DA:132,0
DA:133,0
DA:134,0
DA:135,0
DA:136,0
DA:137,0
DA:138,0
DA:139,0
DA:140,0
DA:141,0
DA:142,0
DA:143,0
DA:144,0
DA:145,0
DA:146,0
DA:147,0
DA:148,0
DA:149,0
DA:150,0
DA:151,2
DA:152,5
DA:154,16
DA:155,0
DA:156,1
DA:158,32
DA:159,24
DA:160,27
DA:161,28
DA:162,32
DA:163,2
DA:165,48
DA:166,22
DA:167,2
DA:168,0
DA:169,0
DA:170,0
DA:171,0
DA:172,0
DA:173,0
DA:174,0
DA:175,0
DA:176,0
DA:177,0
DA:178,0
DA:179,0
DA:180,0
DA:181,0
DA:182,0
DA:183,0
DA:184,0
DA:185,0
DA:186,0
DA:187,0
DA:188,0
DA:189,0
DA:190,0
DA:191,0
DA:192,0
DA:193,0
DA:194,0
DA:195,0
DA:196,0
DA:197,0
DA:198,0
DA:199,0
DA:200,0
DA:201,0
DA:202,0
DA:203,0
DA:204,0
DA:205,0
DA:206,0
DA:207,0
DA:208,0
DA:209,0
DA:211,2
DA:212,0
DA:213,0
DA:214,0
DA:215,0
DA:216,0
DA:217,0
DA:218,0
DA:219,0
DA:220,0
DA:221,0
DA:222,0
DA:223,0
DA:224,0
DA:225,0
DA:226,0
DA:227,0
DA:229,2
DA:230,0
DA:231,0
DA:232,0
DA:233,0
DA:234,0
DA:235,0
DA:236,0
DA:237,0
DA:238,0
DA:239,0
DA:240,0
DA:241,0
DA:242,0
DA:243,0
DA:244,0
DA:245,0
DA:246,0
DA:247,0
DA:248,0
DA:249,0
DA:250,0
DA:251,0
DA:252,0
DA:253,0
DA:254,0
DA:255,0
DA:256,0
DA:257,0
DA:258,0
DA:259,0
DA:260,0
DA:261,0
DA:262,0
DA:263,0
DA:264,0
DA:265,0
DA:266,0
DA:267,0
DA:268,0
DA:269,0
DA:270,0
DA:271,0
DA:272,0
DA:273,0
DA:274,0
DA:275,0
DA:276,0
DA:278,3
DA:280,27
DA:282,0
DA:283,1
DA:286,0
DA:287,0
DA:288,0
DA:289,0
DA:290,0
DA:291,0
DA:292,0
DA:293,0
DA:294,0
DA:295,0
DA:296,0
DA:297,0
DA:298,1
DA:301,0
DA:302,0
DA:303,0
DA:304,0
DA:305,0
DA:306,1
DA:309,0
DA:310,1
DA:313,0
DA:314,1
DA:317,0
DA:318,1
DA:321,0
DA:322,1
DA:325,0
DA:326,0
DA:327,0
DA:328,0
DA:329,0
DA:330,0
DA:331,0
DA:332,0
DA:333,0
DA:334,0
DA:335,0
DA:336,0
DA:337,0
DA:338,0
DA:339,0
DA:340,0
DA:341,0
DA:342,0
DA:343,0
DA:344,1
DA:347,0
DA:348,0
DA:349,0
DA:350,0
DA:351,0
DA:352,0
DA:353,0
DA:354,0
DA:355,0
DA:356,0
DA:357,0
DA:358,0
DA:359,0
DA:360,0
DA:361,0
DA:362,0
DA:363,0
DA:364,0
DA:365,0
DA:366,0
DA:367,0
DA:368,0
DA:369,0
DA:370,0
DA:371,0
DA:372,0
DA:373,0
DA:374,0
DA:375,0
DA:376,0
DA:377,0
DA:378,0
DA:379,0
DA:380,0
DA:381,0
DA:382,0
DA:383,0
DA:384,0
DA:385,0
DA:386,0
DA:387,0
DA:388,0
DA:389,0
DA:390,0
DA:391,0
DA:392,0
DA:393,0
DA:394,0
DA:395,0
DA:396,0
DA:397,0
DA:398,0
DA:399,0
DA:400,0
DA:401,0
DA:402,0
DA:403,0
DA:404,0
DA:405,0
DA:406,0
DA:407,0
DA:408,0
DA:409,0
DA:410,0
DA:411,0
DA:412,0
DA:413,0
DA:414,0
DA:415,0
DA:416,0
DA:420,0
DA:421,0
DA:422,0
DA:423,0
DA:424,0
DA:425,0
DA:426,0
DA:427,0
DA:428,0
DA:429,0
DA:430,0
DA:431,0
DA:432,0
DA:433,0
DA:434,0
DA:435,0
DA:436,0
DA:437,0
DA:438,0
DA:439,0
DA:440,0
DA:441,0
DA:442,0
DA:443,0
DA:444,0
DA:445,0
DA:446,0
DA:447,0
DA:448,0
DA:449,0
DA:450,0
DA:451,0
DA:452,0
DA:453,0
DA:454,0
DA:455,0
DA:456,0
DA:460,0
DA:464,0
DA:465,0
DA:466,0
DA:467,0
DA:468,0
DA:469,0
DA:470,0
DA:471,0
DA:472,0
DA:473,0
DA:474,0
DA:475,0
DA:476,0
DA:477,0
DA:478,0
DA:479,0
DA:480,0
DA:481,0
DA:482,0
DA:483,0
DA:484,0
DA:485,0
DA:486,0
DA:487,0
DA:488,0
DA:489,0
DA:490,0
DA:491,0
DA:492,0
DA:493,0
DA:494,0
DA:495,0
DA:496,0
DA:497,0
DA:501,0
DA:502,0
DA:503,0
DA:504,0
DA:505,0
DA:506,0
DA:507,0
DA:508,0
DA:509,0
DA:510,0
DA:511,0
DA:512,0
DA:513,0
DA:514,0
DA:515,0
DA:516,0
DA:517,0
DA:518,0
DA:519,0
DA:520,0
DA:521,0
DA:522,0
DA:523,0
DA:527,0
DA:528,0
DA:529,0
DA:530,0
DA:531,0
DA:532,0
DA:533,0
DA:534,0
DA:535,0
DA:536,0
DA:537,0
DA:538,0
DA:539,0
DA:540,0
DA:541,0
DA:542,0
DA:543,0
DA:544,0
DA:545,0
DA:546,0
DA:547,0
DA:548,0
DA:549,0
DA:550,0
DA:551,0
DA:552,0
DA:553,0
DA:554,0
DA:555,0
DA:556,0
DA:560,0
DA:561,0
DA:562,0
DA:566,0
DA:567,0
DA:568,0
DA:569,0
DA:570,0
DA:571,0
DA:572,0
DA:573,0
DA:574,0
DA:575,0
DA:576,0
DA:580,0
DA:584,0
DA:585,0
DA:586,0
DA:587,0
DA:588,0
DA:589,0
DA:590,0
DA:591,0
DA:592,0
DA:593,0
DA:594,0
DA:595,0
DA:596,0
DA:597,0
DA:598,0
DA:599,0
DA:600,0
DA:601,0
DA:602,0
DA:603,0
DA:604,0
DA:605,0
DA:606,0
DA:607,0
DA:608,0
DA:609,0
DA:610,0
DA:611,0
DA:612,0
DA:613,0
DA:614,0
DA:615,0
DA:616,0
DA:617,0
DA:618,0
DA:619,0
DA:620,0
DA:621,0
DA:622,0
DA:623,0
DA:627,0
DA:628,0
DA:629,0
DA:630,0
DA:631,0
DA:632,0
DA:633,0
DA:634,0
DA:635,0
DA:636,0
DA:637,0
DA:638,0
DA:639,0
DA:640,0
DA:641,0
DA:642,0
DA:643,0
DA:647,0
DA:648,0
DA:649,0
DA:650,0
DA:651,0
DA:652,0
DA:653,0
DA:654,0
DA:655,0
DA:659,0
DA:660,0
DA:661,0
DA:665,0
DA:666,0
DA:667,0
DA:668,0
DA:669,0
DA:670,0
DA:671,0
DA:672,0
DA:673,0
DA:674,0
LF:572
LH:97
end_of_record
